2026-03-28T15:49:09.967+05:30  INFO 26092 --- [dms] [           main] o.apache.catalina.core.StandardService   : Starting service [Tomcat]
2026-03-28T15:49:09.967+05:30  INFO 26092 --- [dms] [           main] o.apache.catalina.core.StandardEngine    : Starting Servlet engine: [Apache Tomcat/10.1.19]
2026-03-28T15:49:10.045+05:30  INFO 26092 --- [dms] [           main] o.a.c.c.C.[Tomcat].[localhost].[/]       : Initializing Spring embedded WebApplicationContext
2026-03-28T15:49:10.045+05:30  INFO 26092 --- [dms] [           main] w.s.c.ServletWebServerApplicationContext : Root WebApplicationContext: initialization completed in 1598 ms
2026-03-28T15:49:10.221+05:30  INFO 26092 --- [dms] [           main] o.hibernate.jpa.internal.util.LogHelper  : HHH000204: Processing PersistenceUnitInfo [name: default]
2026-03-28T15:49:10.290+05:30  INFO 26092 --- [dms] [           main] org.hibernate.Version                    : HHH000412: Hibernate ORM core version 6.4.4.Final
2026-03-28T15:49:10.333+05:30  INFO 26092 --- [dms] [           main] o.h.c.internal.RegionFactoryInitiator    : HHH000026: Second-level cache disabled
2026-03-28T15:49:10.603+05:30  INFO 26092 --- [dms] [           main] o.s.o.j.p.SpringPersistenceUnitInfo      : No LoadTimeWeaver setup: ignoring JPA class transformer
2026-03-28T15:49:10.633+05:30  INFO 26092 --- [dms] [           main] com.zaxxer.hikari.HikariDataSource       : HikariPool-1 - Starting...
2026-03-28T15:49:10.821+05:30  INFO 26092 --- [dms] [           main] com.zaxxer.hikari.pool.HikariPool        : HikariPool-1 - Added connection com.mysql.cj.jdbc.ConnectionImpl@7548e1fb
2026-03-28T15:49:10.824+05:30  INFO 26092 --- [dms] [           main] com.zaxxer.hikari.HikariDataSource       : HikariPool-1 - Start completed.
2026-03-28T15:49:10.965+05:30  WARN 26092 --- [dms] [           main] org.hibernate.orm.deprecation            : HHH90000025: MySQLDialect does not need to be specified explicitly using 'hibernate.dialect' (remove the property setting and it will be selected by default)
2026-03-28T15:49:12.260+05:30  INFO 26092 --- [dms] [           main] o.h.e.t.j.p.i.JtaPlatformInitiator       : HHH000489: No JTA platform available (set 'hibernate.transaction.jta.platform' to enable JTA platform integration)
2026-03-28T15:49:12.621+05:30  INFO 26092 --- [dms] [           main] j.LocalContainerEntityManagerFactoryBean : Initialized JPA EntityManagerFactory for persistence unit 'default'
2026-03-28T15:49:12.909+05:30  INFO 26092 --- [dms] [           main] o.s.d.j.r.query.QueryEnhancerFactory     : Hibernate is in classpath; If applicable, HQL parser will be used.
2026-03-28T15:49:13.890+05:30  WARN 26092 --- [dms] [           main] JpaBaseConfiguration$JpaWebConfiguration : spring.jpa.open-in-view is enabled by default. Therefore, database queries may be performed during view rendering. Explicitly configure spring.jpa.open-in-view to disable this warning
2026-03-28T15:49:14.229+05:30  INFO 26092 --- [dms] [           main] o.s.s.web.DefaultSecurityFilterChain     : Will secure any request with [org.springframework.security.web.session.DisableEncodeUrlFilter@18596d47, org.springframework.security.web.context.request.async.WebAsyncManagerIntegrationFilter@26647ac8, org.springframework.security.web.context.SecurityContextHolderFilter@1c66272b, org.springframework.security.web.header.HeaderWriterFilter@49f4de0e, org.springframework.web.filter.CorsFilter@2eedd575, org.springframework.security.web.authentication.logout.LogoutFilter@e77180e, com.hyundai.dms.security.JwtAuthFilter@2a6b6f4, org.springframework.security.web.savedrequest.RequestCacheAwareFilter@651eefb3, org.springframework.security.web.servletapi.SecurityContextHolderAwareRequestFilter@5324647, org.springframework.security.web.authentication.AnonymousAuthenticationFilter@114f913d, org.springframework.security.web.session.SessionManagementFilter@4a7c88f2, org.springframework.security.web.access.ExceptionTranslationFilter@21838ea3, org.springframework.security.web.access.intercept.AuthorizationFilter@627b9f03]
2026-03-28T15:49:14.515+05:30  INFO 26092 --- [dms] [           main] o.s.b.w.embedded.tomcat.TomcatWebServer  : Tomcat started on port 8080 (http) with context path ''
2026-03-28T15:49:14.523+05:30  INFO 26092 --- [dms] [           main] com.hyundai.dms.DmsApplication           : Started DmsApplication in 6.556 seconds (process running for 6.996)
[INIT] Admin password reset to 'password123'.
