[INFO] Scanning for projects...
[INFO] 
[INFO] --------------------------< com.hyundai:dms >---------------------------
[INFO] Building dms 0.0.1-SNAPSHOT
[INFO]   from pom.xml
[INFO] --------------------------------[ jar ]---------------------------------
[INFO] 
[INFO] --- resources:3.3.1:resources (default-resources) @ dms ---
[INFO] Copying 1 resource from src\main\resources to target\classes
[INFO] Copying 0 resource from src\main\resources to target\classes
[INFO] 
[INFO] --- compiler:3.11.0:compile (default-compile) @ dms ---
[INFO] Changes detected - recompiling the module! :source
[INFO] Compiling 77 source files with javac [debug release 17] to target\classes
[WARNING] /C:/Users/sayak mukherjee/Desktop/dms/backend/src/main/java/com/hyundai/dms/entity/Customer.java:[42,28] @Builder will ignore the initializing expression entirely. If you want the initializing expression to serve as default, add @Builder.Default. If it is not supposed to be settable during building, make the field final.
[WARNING] /C:/Users/sayak mukherjee/Desktop/dms/backend/src/main/java/com/hyundai/dms/entity/Customer.java:[51,21] @Builder will ignore the initializing expression entirely. If you want the initializing expression to serve as default, add @Builder.Default. If it is not supposed to be settable during building, make the field final.
[WARNING] /C:/Users/sayak mukherjee/Desktop/dms/backend/src/main/java/com/hyundai/dms/entity/Vehicle.java:[37,21] @Builder will ignore the initializing expression entirely. If you want the initializing expression to serve as default, add @Builder.Default. If it is not supposed to be settable during building, make the field final.
[INFO] ------------------------------------------------------------------------
[INFO] BUILD SUCCESS
[INFO] ------------------------------------------------------------------------
[INFO] Total time:  6.954 s
[INFO] Finished at: 2026-03-31T10:10:05+05:30
[INFO] ------------------------------------------------------------------------
